<?xml version="1.0" encoding="UTF-8"?>
<testng-results ignored="0" total="1" passed="1" failed="0" skipped="0">
  <reporter-output>
  </reporter-output>
  <suite started-at="2023-02-06T18:39:34 CST" name="Default suite" finished-at="2023-02-06T18:39:40 CST" duration-ms="5994">
    <groups>
    </groups>
    <test started-at="2023-02-06T18:39:34 CST" name="Default test" finished-at="2023-02-06T18:39:40 CST" duration-ms="5994">
      <class name="assignments.College">
        <test-method signature="f()[pri:0, instance:assignments.College@36916eb0]" started-at="2023-02-06T18:39:34 CST" name="f" finished-at="2023-02-06T18:39:40 CST" duration-ms="5953" status="PASS">
          <reporter-output>
          </reporter-output>
        </test-method> <!-- f -->
      </class> <!-- assignments.College -->
    </test> <!-- Default test -->
  </suite> <!-- Default suite -->
</testng-results>
