<?xml version="1.0" encoding="UTF-8"?>
<testng-results ignored="0" total="1" passed="1" failed="0" skipped="0">
  <reporter-output>
  </reporter-output>
  <suite started-at="2023-02-03T19:08:06 CST" name="Default suite" finished-at="2023-02-03T19:08:30 CST" duration-ms="23597">
    <groups>
    </groups>
    <test started-at="2023-02-03T19:08:06 CST" name="Default test" finished-at="2023-02-03T19:08:30 CST" duration-ms="23597">
      <class name="seleniumBasics.TTD_DropdownSample">
        <test-method signature="f()[pri:0, instance:seleniumBasics.TTD_DropdownSample@36916eb0]" started-at="2023-02-03T19:08:06 CST" name="f" finished-at="2023-02-03T19:08:30 CST" duration-ms="23564" status="PASS">
          <reporter-output>
          </reporter-output>
        </test-method> <!-- f -->
      </class> <!-- seleniumBasics.TTD_DropdownSample -->
    </test> <!-- Default test -->
  </suite> <!-- Default suite -->
</testng-results>
